<?xml version="1.0" encoding="UTF-8"?>
<coverage generated="1672368278752" clover="3.2.0">
  <project timestamp="1672368278753" name="All files">
    <metrics statements="111" coveredstatements="78" conditionals="30" coveredconditionals="19" methods="46" coveredmethods="33" elements="187" coveredelements="130" complexity="0" loc="111" ncloc="111" packages="8" files="21" classes="21"/>
    <package name="03-examples">
      <metrics statements="6" coveredstatements="6" conditionals="4" coveredconditionals="4" methods="2" coveredmethods="2"/>
      <file name="MultipleCustomHooks.jsx" path="D:\VisualStudio\React\05-hook-app\src\03-examples\MultipleCustomHooks.jsx">
        <metrics statements="6" coveredstatements="6" conditionals="4" coveredconditionals="4" methods="2" coveredmethods="2"/>
        <line num="4" count="1" type="stmt"/>
        <line num="6" count="3" type="stmt"/>
        <line num="8" count="3" type="stmt"/>
        <line num="23" count="3" type="cond" truecount="2" falsecount="0"/>
        <line num="40" count="3" type="stmt"/>
        <line num="69" count="1" type="stmt"/>
      </file>
    </package>
    <package name="03-examples.components">
      <metrics statements="9" coveredstatements="9" conditionals="0" coveredconditionals="0" methods="3" coveredmethods="3"/>
      <file name="LoadingQuote.jsx" path="D:\VisualStudio\React\05-hook-app\src\03-examples\components\LoadingQuote.jsx">
        <metrics statements="2" coveredstatements="2" conditionals="0" coveredconditionals="0" methods="1" coveredmethods="1"/>
        <line num="3" count="1" type="stmt"/>
        <line num="5" count="1" type="stmt"/>
      </file>
      <file name="Quote.jsx" path="D:\VisualStudio\React\05-hook-app\src\03-examples\components\Quote.jsx">
        <metrics statements="7" coveredstatements="7" conditionals="0" coveredconditionals="0" methods="2" coveredmethods="2"/>
        <line num="4" count="1" type="stmt"/>
        <line num="6" count="4" type="stmt"/>
        <line num="7" count="4" type="stmt"/>
        <line num="24" count="4" type="stmt"/>
        <line num="25" count="2" type="stmt"/>
        <line num="27" count="2" type="stmt"/>
        <line num="31" count="4" type="stmt"/>
      </file>
      <file name="index.js" path="D:\VisualStudio\React\05-hook-app\src\03-examples\components\index.js">
        <metrics statements="0" coveredstatements="0" conditionals="0" coveredconditionals="0" methods="0" coveredmethods="0"/>
      </file>
    </package>
    <package name="08-useReducer">
      <metrics statements="14" coveredstatements="12" conditionals="7" coveredconditionals="5" methods="4" coveredmethods="4"/>
      <file name="ToDoApp.jsx" path="D:\VisualStudio\React\05-hook-app\src\08-useReducer\ToDoApp.jsx">
        <metrics statements="3" coveredstatements="3" conditionals="0" coveredconditionals="0" methods="1" coveredmethods="1"/>
        <line num="5" count="1" type="stmt"/>
        <line num="7" count="1" type="stmt"/>
        <line num="9" count="1" type="stmt"/>
      </file>
      <file name="toDoReducer.js" path="D:\VisualStudio\React\05-hook-app\src\08-useReducer\toDoReducer.js">
        <metrics statements="11" coveredstatements="9" conditionals="7" coveredconditionals="5" methods="3" coveredmethods="3"/>
        <line num="3" count="3" type="stmt"/>
        <line num="4" count="4" type="cond" truecount="4" falsecount="1"/>
        <line num="18" count="1" type="stmt"/>
        <line num="36" count="1" type="stmt"/>
        <line num="38" count="1" type="stmt"/>
        <line num="39" count="1" type="stmt"/>
        <line num="41" count="1" type="cond" truecount="1" falsecount="1"/>
        <line num="42" count="1" type="stmt"/>
        <line num="48" count="0" type="stmt"/>
        <line num="54" count="0" type="stmt"/>
        <line num="57" count="1" type="stmt"/>
      </file>
    </package>
    <package name="08-useReducer.components">
      <metrics statements="16" coveredstatements="11" conditionals="7" coveredconditionals="4" methods="7" coveredmethods="6"/>
      <file name="ToDoAdd.jsx" path="D:\VisualStudio\React\05-hook-app\src\08-useReducer\components\ToDoAdd.jsx">
        <metrics statements="9" coveredstatements="4" conditionals="2" coveredconditionals="0" methods="2" coveredmethods="1"/>
        <line num="8" count="1" type="stmt"/>
        <line num="10" count="1" type="stmt"/>
        <line num="14" count="1" type="stmt"/>
        <line num="15" count="0" type="stmt"/>
        <line num="17" count="0" type="cond" truecount="0" falsecount="2"/>
        <line num="19" count="0" type="stmt"/>
        <line num="25" count="0" type="stmt"/>
        <line num="27" count="0" type="stmt"/>
        <line num="30" count="1" type="stmt"/>
      </file>
      <file name="ToDoItem.jsx" path="D:\VisualStudio\React\05-hook-app\src\08-useReducer\components\ToDoItem.jsx">
        <metrics statements="4" coveredstatements="4" conditionals="4" coveredconditionals="4" methods="3" coveredmethods="3"/>
        <line num="3" count="2" type="stmt"/>
        <line num="7" count="6" type="stmt"/>
        <line num="11" count="1" type="stmt"/>
        <line num="15" count="1" type="stmt"/>
      </file>
      <file name="ToDoList.jsx" path="D:\VisualStudio\React\05-hook-app\src\08-useReducer\components\ToDoList.jsx">
        <metrics statements="3" coveredstatements="3" conditionals="1" coveredconditionals="0" methods="2" coveredmethods="2"/>
        <line num="4" count="1" type="cond" truecount="0" falsecount="1"/>
        <line num="8" count="1" type="stmt"/>
        <line num="12" count="2" type="stmt"/>
      </file>
    </package>
    <package name="09-useContext">
      <metrics statements="12" coveredstatements="11" conditionals="0" coveredconditionals="0" methods="5" coveredmethods="4"/>
      <file name="AboutPage.jsx" path="D:\VisualStudio\React\05-hook-app\src\09-useContext\AboutPage.jsx">
        <metrics statements="2" coveredstatements="1" conditionals="0" coveredconditionals="0" methods="1" coveredmethods="0"/>
        <line num="2" count="1" type="stmt"/>
        <line num="3" count="0" type="stmt"/>
      </file>
      <file name="HomePage.jsx" path="D:\VisualStudio\React\05-hook-app\src\09-useContext\HomePage.jsx">
        <metrics statements="3" coveredstatements="3" conditionals="0" coveredconditionals="0" methods="1" coveredmethods="1"/>
        <line num="4" count="2" type="stmt"/>
        <line num="6" count="3" type="stmt"/>
        <line num="8" count="3" type="stmt"/>
      </file>
      <file name="LoginPage.jsx" path="D:\VisualStudio\React\05-hook-app\src\09-useContext\LoginPage.jsx">
        <metrics statements="5" coveredstatements="5" conditionals="0" coveredconditionals="0" methods="2" coveredmethods="2"/>
        <line num="4" count="2" type="stmt"/>
        <line num="6" count="3" type="stmt"/>
        <line num="8" count="3" type="stmt"/>
        <line num="10" count="3" type="stmt"/>
        <line num="20" count="1" type="stmt"/>
      </file>
      <file name="MainApp.jsx" path="D:\VisualStudio\React\05-hook-app\src\09-useContext\MainApp.jsx">
        <metrics statements="2" coveredstatements="2" conditionals="0" coveredconditionals="0" methods="1" coveredmethods="1"/>
        <line num="8" count="1" type="stmt"/>
        <line num="9" count="2" type="stmt"/>
      </file>
    </package>
    <package name="09-useContext.components">
      <metrics statements="5" coveredstatements="5" conditionals="6" coveredconditionals="5" methods="4" coveredmethods="4"/>
      <file name="Navbar.jsx" path="D:\VisualStudio\React\05-hook-app\src\09-useContext\components\Navbar.jsx">
        <metrics statements="5" coveredstatements="5" conditionals="6" coveredconditionals="5" methods="4" coveredmethods="4"/>
        <line num="3" count="1" type="stmt"/>
        <line num="4" count="2" type="stmt"/>
        <line num="14" count="2" type="cond" truecount="2" falsecount="0"/>
        <line num="21" count="2" type="cond" truecount="2" falsecount="0"/>
        <line num="27" count="2" type="cond" truecount="1" falsecount="1"/>
      </file>
    </package>
    <package name="09-useContext.context">
      <metrics statements="3" coveredstatements="3" conditionals="0" coveredconditionals="0" methods="1" coveredmethods="1"/>
      <file name="UserContext.jsx" path="D:\VisualStudio\React\05-hook-app\src\09-useContext\context\UserContext.jsx">
        <metrics statements="1" coveredstatements="1" conditionals="0" coveredconditionals="0" methods="0" coveredmethods="0"/>
        <line num="3" count="3" type="stmt"/>
      </file>
      <file name="UserProvider.jsx" path="D:\VisualStudio\React\05-hook-app\src\09-useContext\context\UserProvider.jsx">
        <metrics statements="2" coveredstatements="2" conditionals="0" coveredconditionals="0" methods="1" coveredmethods="1"/>
        <line num="9" count="1" type="stmt"/>
        <line num="10" count="2" type="stmt"/>
      </file>
    </package>
    <package name="hooks">
      <metrics statements="46" coveredstatements="21" conditionals="6" coveredconditionals="1" methods="20" coveredmethods="9"/>
      <file name="index.js" path="D:\VisualStudio\React\05-hook-app\src\hooks\index.js">
        <metrics statements="0" coveredstatements="0" conditionals="0" coveredconditionals="0" methods="0" coveredmethods="0"/>
      </file>
      <file name="useCounter.js" path="D:\VisualStudio\React\05-hook-app\src\hooks\useCounter.js">
        <metrics statements="9" coveredstatements="9" conditionals="3" coveredconditionals="1" methods="6" coveredmethods="6"/>
        <line num="18" count="3" type="cond" truecount="1" falsecount="0"/>
        <line num="20" count="8" type="stmt"/>
        <line num="22" count="8" type="cond" truecount="0" falsecount="1"/>
        <line num="26" count="2" type="stmt"/>
        <line num="29" count="8" type="cond" truecount="0" falsecount="1"/>
        <line num="33" count="1" type="stmt"/>
        <line num="36" count="8" type="stmt"/>
        <line num="37" count="1" type="stmt"/>
        <line num="40" count="8" type="stmt"/>
      </file>
      <file name="useFetch.js" path="D:\VisualStudio\React\05-hook-app\src\hooks\useFetch.js">
        <metrics statements="11" coveredstatements="1" conditionals="0" coveredconditionals="0" methods="4" coveredmethods="0"/>
        <line num="4" count="2" type="stmt"/>
        <line num="8" count="0" type="stmt"/>
        <line num="16" count="0" type="stmt"/>
        <line num="18" count="0" type="stmt"/>
        <line num="25" count="0" type="stmt"/>
        <line num="26" count="0" type="stmt"/>
        <line num="33" count="0" type="stmt"/>
        <line num="42" count="0" type="stmt"/>
        <line num="44" count="0" type="stmt"/>
        <line num="46" count="0" type="stmt"/>
        <line num="52" count="0" type="stmt"/>
      </file>
      <file name="useForm.js" path="D:\VisualStudio\React\05-hook-app\src\hooks\useForm.js">
        <metrics statements="8" coveredstatements="8" conditionals="1" coveredconditionals="0" methods="3" coveredmethods="3"/>
        <line num="11" count="3" type="cond" truecount="0" falsecount="1"/>
        <line num="15" count="6" type="stmt"/>
        <line num="19" count="6" type="stmt"/>
        <line num="20" count="2" type="stmt"/>
        <line num="22" count="2" type="stmt"/>
        <line num="30" count="6" type="stmt"/>
        <line num="31" count="1" type="stmt"/>
        <line num="36" count="6" type="stmt"/>
      </file>
      <file name="useToDo.js" path="D:\VisualStudio\React\05-hook-app\src\hooks\useToDo.js">
        <metrics statements="18" coveredstatements="3" conditionals="2" coveredconditionals="0" methods="7" coveredmethods="0"/>
        <line num="13" count="2" type="stmt"/>
        <line num="26" count="2" type="stmt"/>
        <line num="27" count="0" type="cond" truecount="0" falsecount="2"/>
        <line num="30" count="2" type="stmt"/>
        <line num="32" count="0" type="stmt"/>
        <line num="53" count="0" type="stmt"/>
        <line num="66" count="0" type="stmt"/>
        <line num="70" count="0" type="stmt"/>
        <line num="76" count="0" type="stmt"/>
        <line num="83" count="0" type="stmt"/>
        <line num="86" count="0" type="stmt"/>
        <line num="87" count="0" type="stmt"/>
        <line num="92" count="0" type="stmt"/>
        <line num="95" count="0" type="stmt"/>
        <line num="96" count="0" type="stmt"/>
        <line num="101" count="0" type="stmt"/>
        <line num="105" count="0" type="stmt"/>
        <line num="111" count="0" type="stmt"/>
      </file>
    </package>
  </project>
</coverage>
