{"D:\\VisualStudio\\React\\05-hook-app\\src\\03-examples\\MultipleCustomHooks.jsx": {"path":"D:\\VisualStudio\\React\\05-hook-app\\src\\03-examples\\MultipleCustomHooks.jsx","statementMap":{"0":{"start":{"line":4,"column":35},"end":{"line":77,"column":1}},"1":{"start":{"line":6,"column":37},"end":{"line":6,"column":50}},"2":{"start":{"line":8,"column":42},"end":{"line":8,"column":106}},"3":{"start":{"line":23,"column":30},"end":{"line":23,"column":47}},"4":{"start":{"line":40,"column":4},"end":{"line":76,"column":5}},"5":{"start":{"line":69,"column":32},"end":{"line":69,"column":45}}},"fnMap":{"0":{"name":"(anonymous_0)","decl":{"start":{"line":4,"column":35},"end":{"line":4,"column":36}},"loc":{"start":{"line":4,"column":41},"end":{"line":77,"column":1}},"line":4},"1":{"name":"(anonymous_1)","decl":{"start":{"line":69,"column":26},"end":{"line":69,"column":27}},"loc":{"start":{"line":69,"column":32},"end":{"line":69,"column":45}},"line":69}},"branchMap":{"0":{"loc":{"start":{"line":23,"column":30},"end":{"line":23,"column":47}},"type":"binary-expr","locations":[{"start":{"line":23,"column":30},"end":{"line":23,"column":36}},{"start":{"line":23,"column":40},"end":{"line":23,"column":47}}],"line":23},"1":{"loc":{"start":{"line":62,"column":16},"end":{"line":64,"column":54}},"type":"cond-expr","locations":[{"start":{"line":63,"column":16},"end":{"line":63,"column":32}},{"start":{"line":64,"column":16},"end":{"line":64,"column":54}}],"line":62}},"s":{"0":1,"1":3,"2":3,"3":3,"4":3,"5":1},"f":{"0":3,"1":1},"b":{"0":[3,2],"1":[1,2]},"_coverageSchema":"1a1c01bbd47fc00a2c39e90264f33305004495a9","hash":"ee186f176c5081b7b83137455413a84fbb120c36"}
,"D:\\VisualStudio\\React\\05-hook-app\\src\\03-examples\\components\\LoadingQuote.jsx": {"path":"D:\\VisualStudio\\React\\05-hook-app\\src\\03-examples\\components\\LoadingQuote.jsx","statementMap":{"0":{"start":{"line":3,"column":28},"end":{"line":8,"column":1}},"1":{"start":{"line":5,"column":4},"end":{"line":7,"column":3}}},"fnMap":{"0":{"name":"(anonymous_0)","decl":{"start":{"line":3,"column":28},"end":{"line":3,"column":29}},"loc":{"start":{"line":3,"column":34},"end":{"line":8,"column":1}},"line":3}},"branchMap":{},"s":{"0":1,"1":1},"f":{"0":1},"b":{},"_coverageSchema":"1a1c01bbd47fc00a2c39e90264f33305004495a9","hash":"e2fbc02dd6176fa8d5a5b1bf790da5c6adb2afe0"}
,"D:\\VisualStudio\\React\\05-hook-app\\src\\03-examples\\components\\Quote.jsx": {"path":"D:\\VisualStudio\\React\\05-hook-app\\src\\03-examples\\components\\Quote.jsx","statementMap":{"0":{"start":{"line":4,"column":21},"end":{"line":41,"column":1}},"1":{"start":{"line":6,"column":21},"end":{"line":6,"column":29}},"2":{"start":{"line":7,"column":32},"end":{"line":12,"column":3}},"3":{"start":{"line":24,"column":2},"end":{"line":29,"column":13}},"4":{"start":{"line":25,"column":28},"end":{"line":25,"column":70}},"5":{"start":{"line":27,"column":4},"end":{"line":27,"column":32}},"6":{"start":{"line":31,"column":4},"end":{"line":40,"column":3}}},"fnMap":{"0":{"name":"(anonymous_0)","decl":{"start":{"line":4,"column":21},"end":{"line":4,"column":22}},"loc":{"start":{"line":4,"column":42},"end":{"line":41,"column":1}},"line":4},"1":{"name":"(anonymous_1)","decl":{"start":{"line":24,"column":18},"end":{"line":24,"column":19}},"loc":{"start":{"line":24,"column":24},"end":{"line":29,"column":3}},"line":24}},"branchMap":{},"s":{"0":1,"1":4,"2":4,"3":4,"4":2,"5":2,"6":4},"f":{"0":4,"1":2},"b":{},"_coverageSchema":"1a1c01bbd47fc00a2c39e90264f33305004495a9","hash":"f6650aeee8a55dbe75bc378781e898ff99769171"}
,"D:\\VisualStudio\\React\\05-hook-app\\src\\03-examples\\components\\index.js": {"path":"D:\\VisualStudio\\React\\05-hook-app\\src\\03-examples\\components\\index.js","statementMap":{},"fnMap":{},"branchMap":{},"s":{},"f":{},"b":{},"_coverageSchema":"1a1c01bbd47fc00a2c39e90264f33305004495a9","hash":"913d23a117197fc72f1efe4535508254edce4526"}
,"D:\\VisualStudio\\React\\05-hook-app\\src\\08-useReducer\\ToDoApp.jsx": {"path":"D:\\VisualStudio\\React\\05-hook-app\\src\\08-useReducer\\ToDoApp.jsx","statementMap":{"0":{"start":{"line":5,"column":23},"end":{"line":42,"column":1}},"1":{"start":{"line":7,"column":99},"end":{"line":7,"column":108}},"2":{"start":{"line":9,"column":4},"end":{"line":41,"column":5}}},"fnMap":{"0":{"name":"(anonymous_0)","decl":{"start":{"line":5,"column":23},"end":{"line":5,"column":24}},"loc":{"start":{"line":5,"column":29},"end":{"line":42,"column":1}},"line":5}},"branchMap":{},"s":{"0":1,"1":1,"2":1},"f":{"0":1},"b":{},"_coverageSchema":"1a1c01bbd47fc00a2c39e90264f33305004495a9","hash":"81d195205b6df0475ba5000bf4746453965c8098"}
,"D:\\VisualStudio\\React\\05-hook-app\\src\\08-useReducer\\toDoReducer.js": {"path":"D:\\VisualStudio\\React\\05-hook-app\\src\\08-useReducer\\toDoReducer.js","statementMap":{"0":{"start":{"line":3,"column":27},"end":{"line":60,"column":1}},"1":{"start":{"line":4,"column":4},"end":{"line":59,"column":5}},"2":{"start":{"line":18,"column":12},"end":{"line":18,"column":55}},"3":{"start":{"line":36,"column":12},"end":{"line":36,"column":76}},"4":{"start":{"line":36,"column":48},"end":{"line":36,"column":74}},"5":{"start":{"line":38,"column":12},"end":{"line":38,"column":38}},"6":{"start":{"line":39,"column":12},"end":{"line":50,"column":15}},"7":{"start":{"line":41,"column":16},"end":{"line":46,"column":17}},"8":{"start":{"line":42,"column":20},"end":{"line":45,"column":21}},"9":{"start":{"line":48,"column":16},"end":{"line":48,"column":28}},"10":{"start":{"line":54,"column":12},"end":{"line":54,"column":20}},"11":{"start":{"line":57,"column":12},"end":{"line":57,"column":32}}},"fnMap":{"0":{"name":"(anonymous_0)","decl":{"start":{"line":3,"column":27},"end":{"line":3,"column":28}},"loc":{"start":{"line":3,"column":55},"end":{"line":60,"column":1}},"line":3},"1":{"name":"(anonymous_1)","decl":{"start":{"line":36,"column":40},"end":{"line":36,"column":41}},"loc":{"start":{"line":36,"column":48},"end":{"line":36,"column":74}},"line":36},"2":{"name":"(anonymous_2)","decl":{"start":{"line":39,"column":37},"end":{"line":39,"column":38}},"loc":{"start":{"line":39,"column":45},"end":{"line":50,"column":13}},"line":39}},"branchMap":{"0":{"loc":{"start":{"line":4,"column":4},"end":{"line":59,"column":5}},"type":"switch","locations":[{"start":{"line":5,"column":8},"end":{"line":18,"column":55}},{"start":{"line":19,"column":8},"end":{"line":36,"column":76}},{"start":{"line":37,"column":8},"end":{"line":50,"column":15}},{"start":{"line":52,"column":8},"end":{"line":54,"column":20}},{"start":{"line":56,"column":8},"end":{"line":57,"column":32}}],"line":4},"1":{"loc":{"start":{"line":41,"column":16},"end":{"line":46,"column":17}},"type":"if","locations":[{"start":{"line":41,"column":16},"end":{"line":46,"column":17}},{"start":{},"end":{}}],"line":41}},"s":{"0":3,"1":4,"2":1,"3":1,"4":1,"5":1,"6":1,"7":1,"8":1,"9":0,"10":0,"11":1},"f":{"0":4,"1":1,"2":1},"b":{"0":[1,1,1,0,1],"1":[1,0]},"_coverageSchema":"1a1c01bbd47fc00a2c39e90264f33305004495a9","hash":"c718e2262e9888ca807ec0660b7db4e3b05a2594"}
,"D:\\VisualStudio\\React\\05-hook-app\\src\\08-useReducer\\components\\ToDoAdd.jsx": {"path":"D:\\VisualStudio\\React\\05-hook-app\\src\\08-useReducer\\components\\ToDoAdd.jsx","statementMap":{"0":{"start":{"line":8,"column":23},"end":{"line":49,"column":1}},"1":{"start":{"line":10,"column":56},"end":{"line":12,"column":6}},"2":{"start":{"line":14,"column":25},"end":{"line":28,"column":5}},"3":{"start":{"line":15,"column":8},"end":{"line":15,"column":31}},"4":{"start":{"line":17,"column":8},"end":{"line":17,"column":45}},"5":{"start":{"line":17,"column":38},"end":{"line":17,"column":45}},"6":{"start":{"line":19,"column":24},"end":{"line":23,"column":9}},"7":{"start":{"line":25,"column":8},"end":{"line":25,"column":27}},"8":{"start":{"line":27,"column":8},"end":{"line":27,"column":22}},"9":{"start":{"line":30,"column":4},"end":{"line":48,"column":5}}},"fnMap":{"0":{"name":"(anonymous_0)","decl":{"start":{"line":8,"column":23},"end":{"line":8,"column":24}},"loc":{"start":{"line":8,"column":42},"end":{"line":49,"column":1}},"line":8},"1":{"name":"(anonymous_1)","decl":{"start":{"line":14,"column":25},"end":{"line":14,"column":26}},"loc":{"start":{"line":14,"column":38},"end":{"line":28,"column":5}},"line":14}},"branchMap":{"0":{"loc":{"start":{"line":17,"column":8},"end":{"line":17,"column":45}},"type":"if","locations":[{"start":{"line":17,"column":8},"end":{"line":17,"column":45}},{"start":{},"end":{}}],"line":17}},"s":{"0":1,"1":1,"2":1,"3":0,"4":0,"5":0,"6":0,"7":0,"8":0,"9":1},"f":{"0":1,"1":0},"b":{"0":[0,0]},"_coverageSchema":"1a1c01bbd47fc00a2c39e90264f33305004495a9","hash":"7a4bc6b71b16d545288dd318f147b3fb08467fcb"}
,"D:\\VisualStudio\\React\\05-hook-app\\src\\08-useReducer\\components\\ToDoItem.jsx": {"path":"D:\\VisualStudio\\React\\05-hook-app\\src\\08-useReducer\\components\\ToDoItem.jsx","statementMap":{"0":{"start":{"line":3,"column":24},"end":{"line":18,"column":1}},"1":{"start":{"line":7,"column":4},"end":{"line":17,"column":5}},"2":{"start":{"line":11,"column":32},"end":{"line":11,"column":53}},"3":{"start":{"line":15,"column":63},"end":{"line":15,"column":86}}},"fnMap":{"0":{"name":"(anonymous_0)","decl":{"start":{"line":3,"column":24},"end":{"line":3,"column":25}},"loc":{"start":{"line":3,"column":68},"end":{"line":18,"column":1}},"line":3},"1":{"name":"(anonymous_1)","decl":{"start":{"line":11,"column":26},"end":{"line":11,"column":27}},"loc":{"start":{"line":11,"column":32},"end":{"line":11,"column":53}},"line":11},"2":{"name":"(anonymous_2)","decl":{"start":{"line":15,"column":57},"end":{"line":15,"column":58}},"loc":{"start":{"line":15,"column":63},"end":{"line":15,"column":86}},"line":15}},"branchMap":{"0":{"loc":{"start":{"line":10,"column":49},"end":{"line":10,"column":98}},"type":"cond-expr","locations":[{"start":{"line":10,"column":63},"end":{"line":10,"column":93}},{"start":{"line":10,"column":96},"end":{"line":10,"column":98}}],"line":10},"1":{"loc":{"start":{"line":13,"column":21},"end":{"line":13,"column":59}},"type":"binary-expr","locations":[{"start":{"line":13,"column":21},"end":{"line":13,"column":39}},{"start":{"line":13,"column":43},"end":{"line":13,"column":59}}],"line":13}},"s":{"0":2,"1":6,"2":1,"3":1},"f":{"0":6,"1":1,"2":1},"b":{"0":[4,2],"1":[6,6]},"_coverageSchema":"1a1c01bbd47fc00a2c39e90264f33305004495a9","hash":"e1b87828f8348d1a52701351e1d8ecd79d44b666"}
,"D:\\VisualStudio\\React\\05-hook-app\\src\\08-useReducer\\components\\ToDoList.jsx": {"path":"D:\\VisualStudio\\React\\05-hook-app\\src\\08-useReducer\\components\\ToDoList.jsx","statementMap":{"0":{"start":{"line":4,"column":24},"end":{"line":21,"column":1}},"1":{"start":{"line":8,"column":4},"end":{"line":20,"column":5}},"2":{"start":{"line":12,"column":20},"end":{"line":16,"column":56}}},"fnMap":{"0":{"name":"(anonymous_0)","decl":{"start":{"line":4,"column":24},"end":{"line":4,"column":25}},"loc":{"start":{"line":4,"column":73},"end":{"line":21,"column":1}},"line":4},"1":{"name":"(anonymous_1)","decl":{"start":{"line":11,"column":26},"end":{"line":11,"column":27}},"loc":{"start":{"line":12,"column":20},"end":{"line":16,"column":56}},"line":12}},"branchMap":{"0":{"loc":{"start":{"line":4,"column":28},"end":{"line":4,"column":37}},"type":"default-arg","locations":[{"start":{"line":4,"column":35},"end":{"line":4,"column":37}}],"line":4}},"s":{"0":1,"1":1,"2":2},"f":{"0":1,"1":2},"b":{"0":[0]},"_coverageSchema":"1a1c01bbd47fc00a2c39e90264f33305004495a9","hash":"e0c45b9442ebaa83036e729ee23fdf2136b554de"}
,"D:\\VisualStudio\\React\\05-hook-app\\src\\09-useContext\\AboutPage.jsx": {"path":"D:\\VisualStudio\\React\\05-hook-app\\src\\09-useContext\\AboutPage.jsx","statementMap":{"0":{"start":{"line":2,"column":25},"end":{"line":12,"column":3}},"1":{"start":{"line":3,"column":4},"end":{"line":11,"column":5}}},"fnMap":{"0":{"name":"(anonymous_0)","decl":{"start":{"line":2,"column":25},"end":{"line":2,"column":26}},"loc":{"start":{"line":2,"column":31},"end":{"line":12,"column":3}},"line":2}},"branchMap":{},"s":{"0":1,"1":0},"f":{"0":0},"b":{},"_coverageSchema":"1a1c01bbd47fc00a2c39e90264f33305004495a9","hash":"cafddb6c4a848410354a68dbfaa755f953b7c184"}
,"D:\\VisualStudio\\React\\05-hook-app\\src\\09-useContext\\HomePage.jsx": {"path":"D:\\VisualStudio\\React\\05-hook-app\\src\\09-useContext\\HomePage.jsx","statementMap":{"0":{"start":{"line":4,"column":24},"end":{"line":14,"column":3}},"1":{"start":{"line":6,"column":19},"end":{"line":6,"column":44}},"2":{"start":{"line":8,"column":4},"end":{"line":13,"column":5}}},"fnMap":{"0":{"name":"(anonymous_0)","decl":{"start":{"line":4,"column":24},"end":{"line":4,"column":25}},"loc":{"start":{"line":4,"column":30},"end":{"line":14,"column":3}},"line":4}},"branchMap":{},"s":{"0":2,"1":3,"2":3},"f":{"0":3},"b":{},"_coverageSchema":"1a1c01bbd47fc00a2c39e90264f33305004495a9","hash":"84f9a6e479779e292ec0e0b1c0c568fb536d6d9c"}
,"D:\\VisualStudio\\React\\05-hook-app\\src\\09-useContext\\LoginPage.jsx": {"path":"D:\\VisualStudio\\React\\05-hook-app\\src\\09-useContext\\LoginPage.jsx","statementMap":{"0":{"start":{"line":4,"column":25},"end":{"line":26,"column":3}},"1":{"start":{"line":6,"column":28},"end":{"line":6,"column":53}},"2":{"start":{"line":8,"column":2},"end":{"line":8,"column":20}},"3":{"start":{"line":10,"column":2},"end":{"line":25,"column":5}},"4":{"start":{"line":20,"column":28},"end":{"line":20,"column":88}}},"fnMap":{"0":{"name":"(anonymous_0)","decl":{"start":{"line":4,"column":25},"end":{"line":4,"column":26}},"loc":{"start":{"line":4,"column":31},"end":{"line":26,"column":3}},"line":4},"1":{"name":"(anonymous_1)","decl":{"start":{"line":20,"column":22},"end":{"line":20,"column":23}},"loc":{"start":{"line":20,"column":28},"end":{"line":20,"column":88}},"line":20}},"branchMap":{},"s":{"0":2,"1":3,"2":3,"3":3,"4":1},"f":{"0":3,"1":1},"b":{},"_coverageSchema":"1a1c01bbd47fc00a2c39e90264f33305004495a9","hash":"fb3dcc09a042a6cc3fb8aca08f38651a5228255f"}
,"D:\\VisualStudio\\React\\05-hook-app\\src\\09-useContext\\MainApp.jsx": {"path":"D:\\VisualStudio\\React\\05-hook-app\\src\\09-useContext\\MainApp.jsx","statementMap":{"0":{"start":{"line":8,"column":23},"end":{"line":35,"column":1}},"1":{"start":{"line":9,"column":2},"end":{"line":34,"column":3}}},"fnMap":{"0":{"name":"(anonymous_0)","decl":{"start":{"line":8,"column":23},"end":{"line":8,"column":24}},"loc":{"start":{"line":8,"column":29},"end":{"line":35,"column":1}},"line":8}},"branchMap":{},"s":{"0":1,"1":2},"f":{"0":2},"b":{},"_coverageSchema":"1a1c01bbd47fc00a2c39e90264f33305004495a9","hash":"d42706f294bede0dc75fb5cd986d330159b0f23d"}
,"D:\\VisualStudio\\React\\05-hook-app\\src\\09-useContext\\components\\Navbar.jsx": {"path":"D:\\VisualStudio\\React\\05-hook-app\\src\\09-useContext\\components\\Navbar.jsx","statementMap":{"0":{"start":{"line":3,"column":22},"end":{"line":40,"column":1}},"1":{"start":{"line":4,"column":2},"end":{"line":39,"column":3}},"2":{"start":{"line":14,"column":44},"end":{"line":14,"column":84}},"3":{"start":{"line":21,"column":44},"end":{"line":21,"column":84}},"4":{"start":{"line":27,"column":44},"end":{"line":27,"column":84}}},"fnMap":{"0":{"name":"(anonymous_0)","decl":{"start":{"line":3,"column":22},"end":{"line":3,"column":23}},"loc":{"start":{"line":3,"column":28},"end":{"line":40,"column":1}},"line":3},"1":{"name":"(anonymous_1)","decl":{"start":{"line":14,"column":26},"end":{"line":14,"column":27}},"loc":{"start":{"line":14,"column":44},"end":{"line":14,"column":84}},"line":14},"2":{"name":"(anonymous_2)","decl":{"start":{"line":21,"column":26},"end":{"line":21,"column":27}},"loc":{"start":{"line":21,"column":44},"end":{"line":21,"column":84}},"line":21},"3":{"name":"(anonymous_3)","decl":{"start":{"line":27,"column":26},"end":{"line":27,"column":27}},"loc":{"start":{"line":27,"column":44},"end":{"line":27,"column":84}},"line":27}},"branchMap":{"0":{"loc":{"start":{"line":14,"column":57},"end":{"line":14,"column":81}},"type":"cond-expr","locations":[{"start":{"line":14,"column":68},"end":{"line":14,"column":76}},{"start":{"line":14,"column":79},"end":{"line":14,"column":81}}],"line":14},"1":{"loc":{"start":{"line":21,"column":57},"end":{"line":21,"column":81}},"type":"cond-expr","locations":[{"start":{"line":21,"column":68},"end":{"line":21,"column":76}},{"start":{"line":21,"column":79},"end":{"line":21,"column":81}}],"line":21},"2":{"loc":{"start":{"line":27,"column":57},"end":{"line":27,"column":81}},"type":"cond-expr","locations":[{"start":{"line":27,"column":68},"end":{"line":27,"column":76}},{"start":{"line":27,"column":79},"end":{"line":27,"column":81}}],"line":27}},"s":{"0":1,"1":2,"2":2,"3":2,"4":2},"f":{"0":2,"1":2,"2":2,"3":2},"b":{"0":[1,1],"1":[1,1],"2":[0,2]},"_coverageSchema":"1a1c01bbd47fc00a2c39e90264f33305004495a9","hash":"3fa0276a6abc8802f00831e7fe77dcc651e8d52d"}
,"D:\\VisualStudio\\React\\05-hook-app\\src\\09-useContext\\context\\UserContext.jsx": {"path":"D:\\VisualStudio\\React\\05-hook-app\\src\\09-useContext\\context\\UserContext.jsx","statementMap":{"0":{"start":{"line":3,"column":27},"end":{"line":3,"column":42}}},"fnMap":{},"branchMap":{},"s":{"0":3},"f":{},"b":{},"_coverageSchema":"1a1c01bbd47fc00a2c39e90264f33305004495a9","hash":"367551f27ad5e77b217da4e7f47ca09b84c53462"}
,"D:\\VisualStudio\\React\\05-hook-app\\src\\09-useContext\\context\\UserProvider.jsx": {"path":"D:\\VisualStudio\\React\\05-hook-app\\src\\09-useContext\\context\\UserProvider.jsx","statementMap":{"0":{"start":{"line":9,"column":28},"end":{"line":16,"column":1}},"1":{"start":{"line":10,"column":2},"end":{"line":15,"column":3}}},"fnMap":{"0":{"name":"(anonymous_0)","decl":{"start":{"line":9,"column":28},"end":{"line":9,"column":29}},"loc":{"start":{"line":9,"column":46},"end":{"line":16,"column":1}},"line":9}},"branchMap":{},"s":{"0":1,"1":2},"f":{"0":2},"b":{},"_coverageSchema":"1a1c01bbd47fc00a2c39e90264f33305004495a9","hash":"42d4a98e6903183e13b6e0b458db6fc82570d6c8"}
,"D:\\VisualStudio\\React\\05-hook-app\\src\\hooks\\index.js": {"path":"D:\\VisualStudio\\React\\05-hook-app\\src\\hooks\\index.js","statementMap":{},"fnMap":{},"branchMap":{},"s":{},"f":{},"b":{},"_coverageSchema":"1a1c01bbd47fc00a2c39e90264f33305004495a9","hash":"fb25d7693c52dcdf1fbfe04e230d31cb3658cb60"}
,"D:\\VisualStudio\\React\\05-hook-app\\src\\hooks\\useCounter.js": {"path":"D:\\VisualStudio\\React\\05-hook-app\\src\\hooks\\useCounter.js","statementMap":{"0":{"start":{"line":18,"column":26},"end":{"line":47,"column":1}},"1":{"start":{"line":20,"column":34},"end":{"line":20,"column":56}},"2":{"start":{"line":22,"column":24},"end":{"line":27,"column":5}},"3":{"start":{"line":26,"column":8},"end":{"line":26,"column":51}},"4":{"start":{"line":26,"column":33},"end":{"line":26,"column":48}},"5":{"start":{"line":29,"column":24},"end":{"line":34,"column":5}},"6":{"start":{"line":33,"column":8},"end":{"line":33,"column":51}},"7":{"start":{"line":33,"column":33},"end":{"line":33,"column":48}},"8":{"start":{"line":36,"column":21},"end":{"line":38,"column":5}},"9":{"start":{"line":37,"column":8},"end":{"line":37,"column":35}},"10":{"start":{"line":40,"column":4},"end":{"line":46,"column":5}}},"fnMap":{"0":{"name":"(anonymous_0)","decl":{"start":{"line":18,"column":26},"end":{"line":18,"column":27}},"loc":{"start":{"line":18,"column":49},"end":{"line":47,"column":1}},"line":18},"1":{"name":"(anonymous_1)","decl":{"start":{"line":22,"column":24},"end":{"line":22,"column":25}},"loc":{"start":{"line":22,"column":39},"end":{"line":27,"column":5}},"line":22},"2":{"name":"(anonymous_2)","decl":{"start":{"line":26,"column":20},"end":{"line":26,"column":21}},"loc":{"start":{"line":26,"column":33},"end":{"line":26,"column":48}},"line":26},"3":{"name":"(anonymous_3)","decl":{"start":{"line":29,"column":24},"end":{"line":29,"column":25}},"loc":{"start":{"line":29,"column":39},"end":{"line":34,"column":5}},"line":29},"4":{"name":"(anonymous_4)","decl":{"start":{"line":33,"column":20},"end":{"line":33,"column":21}},"loc":{"start":{"line":33,"column":33},"end":{"line":33,"column":48}},"line":33},"5":{"name":"(anonymous_5)","decl":{"start":{"line":36,"column":21},"end":{"line":36,"column":22}},"loc":{"start":{"line":36,"column":27},"end":{"line":38,"column":5}},"line":36}},"branchMap":{"0":{"loc":{"start":{"line":18,"column":27},"end":{"line":18,"column":44}},"type":"default-arg","locations":[{"start":{"line":18,"column":42},"end":{"line":18,"column":44}}],"line":18},"1":{"loc":{"start":{"line":22,"column":25},"end":{"line":22,"column":34}},"type":"default-arg","locations":[{"start":{"line":22,"column":33},"end":{"line":22,"column":34}}],"line":22},"2":{"loc":{"start":{"line":29,"column":25},"end":{"line":29,"column":34}},"type":"default-arg","locations":[{"start":{"line":29,"column":33},"end":{"line":29,"column":34}}],"line":29}},"s":{"0":3,"1":8,"2":8,"3":2,"4":2,"5":8,"6":1,"7":1,"8":8,"9":1,"10":8},"f":{"0":8,"1":2,"2":2,"3":1,"4":1,"5":1},"b":{"0":[1],"1":[0],"2":[0]},"_coverageSchema":"1a1c01bbd47fc00a2c39e90264f33305004495a9","hash":"b15a91ac2e2972946820b9f65c8835d7bfafabc0"}
,"D:\\VisualStudio\\React\\05-hook-app\\src\\hooks\\useFetch.js": {"path":"D:\\VisualStudio\\React\\05-hook-app\\src\\hooks\\useFetch.js","statementMap":{"0":{"start":{"line":4,"column":24},"end":{"line":57,"column":1}},"1":{"start":{"line":8,"column":30},"end":{"line":14,"column":5}},"2":{"start":{"line":16,"column":21},"end":{"line":40,"column":5}},"3":{"start":{"line":18,"column":8},"end":{"line":23,"column":10}},"4":{"start":{"line":25,"column":25},"end":{"line":25,"column":41}},"5":{"start":{"line":26,"column":21},"end":{"line":26,"column":42}},"6":{"start":{"line":33,"column":8},"end":{"line":39,"column":10}},"7":{"start":{"line":42,"column":4},"end":{"line":49,"column":13}},"8":{"start":{"line":44,"column":8},"end":{"line":44,"column":19}},"9":{"start":{"line":46,"column":6},"end":{"line":48,"column":7}},"10":{"start":{"line":52,"column":2},"end":{"line":56,"column":4}}},"fnMap":{"0":{"name":"(anonymous_0)","decl":{"start":{"line":4,"column":24},"end":{"line":4,"column":25}},"loc":{"start":{"line":4,"column":35},"end":{"line":57,"column":1}},"line":4},"1":{"name":"(anonymous_1)","decl":{"start":{"line":16,"column":21},"end":{"line":16,"column":22}},"loc":{"start":{"line":16,"column":33},"end":{"line":40,"column":5}},"line":16},"2":{"name":"(anonymous_2)","decl":{"start":{"line":42,"column":14},"end":{"line":42,"column":15}},"loc":{"start":{"line":42,"column":20},"end":{"line":49,"column":5}},"line":42},"3":{"name":"(anonymous_3)","decl":{"start":{"line":46,"column":13},"end":{"line":46,"column":14}},"loc":{"start":{"line":46,"column":19},"end":{"line":48,"column":7}},"line":46}},"branchMap":{},"s":{"0":2,"1":0,"2":0,"3":0,"4":0,"5":0,"6":0,"7":0,"8":0,"9":0,"10":0},"f":{"0":0,"1":0,"2":0,"3":0},"b":{},"_coverageSchema":"1a1c01bbd47fc00a2c39e90264f33305004495a9","hash":"403bd36af4ee99d55314afc6bd7a1d400c182668"}
,"D:\\VisualStudio\\React\\05-hook-app\\src\\hooks\\useForm.js": {"path":"D:\\VisualStudio\\React\\05-hook-app\\src\\hooks\\useForm.js","statementMap":{"0":{"start":{"line":11,"column":23},"end":{"line":47,"column":1}},"1":{"start":{"line":15,"column":38},"end":{"line":17,"column":5}},"2":{"start":{"line":19,"column":26},"end":{"line":28,"column":5}},"3":{"start":{"line":20,"column":32},"end":{"line":20,"column":38}},"4":{"start":{"line":22,"column":8},"end":{"line":27,"column":10}},"5":{"start":{"line":30,"column":24},"end":{"line":34,"column":5}},"6":{"start":{"line":31,"column":8},"end":{"line":33,"column":9}},"7":{"start":{"line":36,"column":4},"end":{"line":46,"column":5}}},"fnMap":{"0":{"name":"(anonymous_0)","decl":{"start":{"line":11,"column":23},"end":{"line":11,"column":24}},"loc":{"start":{"line":11,"column":47},"end":{"line":47,"column":1}},"line":11},"1":{"name":"(anonymous_1)","decl":{"start":{"line":19,"column":26},"end":{"line":19,"column":27}},"loc":{"start":{"line":19,"column":40},"end":{"line":28,"column":5}},"line":19},"2":{"name":"(anonymous_2)","decl":{"start":{"line":30,"column":24},"end":{"line":30,"column":25}},"loc":{"start":{"line":30,"column":30},"end":{"line":34,"column":5}},"line":30}},"branchMap":{"0":{"loc":{"start":{"line":11,"column":25},"end":{"line":11,"column":41}},"type":"default-arg","locations":[{"start":{"line":11,"column":39},"end":{"line":11,"column":41}}],"line":11}},"s":{"0":3,"1":6,"2":6,"3":2,"4":2,"5":6,"6":1,"7":6},"f":{"0":6,"1":2,"2":1},"b":{"0":[0]},"_coverageSchema":"1a1c01bbd47fc00a2c39e90264f33305004495a9","hash":"05b5e1757eb817518864d345e0880cce24dd46ab"}
,"D:\\VisualStudio\\React\\05-hook-app\\src\\hooks\\useToDo.js": {"path":"D:\\VisualStudio\\React\\05-hook-app\\src\\hooks\\useToDo.js","statementMap":{"0":{"start":{"line":13,"column":21},"end":{"line":24,"column":1}},"1":{"start":{"line":26,"column":13},"end":{"line":28,"column":1}},"2":{"start":{"line":27,"column":4},"end":{"line":27,"column":60}},"3":{"start":{"line":30,"column":23},"end":{"line":113,"column":1}},"4":{"start":{"line":32,"column":38},"end":{"line":32,"column":81}},"5":{"start":{"line":53,"column":4},"end":{"line":67,"column":19}},"6":{"start":{"line":66,"column":6},"end":{"line":66,"column":62}},"7":{"start":{"line":70,"column":26},"end":{"line":84,"column":5}},"8":{"start":{"line":76,"column":23},"end":{"line":79,"column":9}},"9":{"start":{"line":83,"column":8},"end":{"line":83,"column":31}},"10":{"start":{"line":86,"column":29},"end":{"line":93,"column":5}},"11":{"start":{"line":87,"column":23},"end":{"line":90,"column":9}},"12":{"start":{"line":92,"column":8},"end":{"line":92,"column":31}},"13":{"start":{"line":95,"column":29},"end":{"line":102,"column":5}},"14":{"start":{"line":96,"column":23},"end":{"line":99,"column":9}},"15":{"start":{"line":101,"column":8},"end":{"line":101,"column":31}},"16":{"start":{"line":105,"column":2},"end":{"line":112,"column":3}},"17":{"start":{"line":111,"column":44},"end":{"line":111,"column":54}}},"fnMap":{"0":{"name":"(anonymous_0)","decl":{"start":{"line":26,"column":13},"end":{"line":26,"column":14}},"loc":{"start":{"line":26,"column":19},"end":{"line":28,"column":1}},"line":26},"1":{"name":"(anonymous_1)","decl":{"start":{"line":30,"column":23},"end":{"line":30,"column":24}},"loc":{"start":{"line":30,"column":29},"end":{"line":113,"column":1}},"line":30},"2":{"name":"(anonymous_2)","decl":{"start":{"line":53,"column":14},"end":{"line":53,"column":15}},"loc":{"start":{"line":53,"column":20},"end":{"line":67,"column":5}},"line":53},"3":{"name":"(anonymous_3)","decl":{"start":{"line":70,"column":26},"end":{"line":70,"column":27}},"loc":{"start":{"line":70,"column":38},"end":{"line":84,"column":5}},"line":70},"4":{"name":"(anonymous_4)","decl":{"start":{"line":86,"column":29},"end":{"line":86,"column":30}},"loc":{"start":{"line":86,"column":39},"end":{"line":93,"column":5}},"line":86},"5":{"name":"(anonymous_5)","decl":{"start":{"line":95,"column":29},"end":{"line":95,"column":30}},"loc":{"start":{"line":95,"column":39},"end":{"line":102,"column":5}},"line":95},"6":{"name":"(anonymous_6)","decl":{"start":{"line":111,"column":36},"end":{"line":111,"column":37}},"loc":{"start":{"line":111,"column":44},"end":{"line":111,"column":54}},"line":111}},"branchMap":{"0":{"loc":{"start":{"line":27,"column":11},"end":{"line":27,"column":59}},"type":"binary-expr","locations":[{"start":{"line":27,"column":11},"end":{"line":27,"column":53}},{"start":{"line":27,"column":57},"end":{"line":27,"column":59}}],"line":27}},"s":{"0":2,"1":2,"2":0,"3":2,"4":0,"5":0,"6":0,"7":0,"8":0,"9":0,"10":0,"11":0,"12":0,"13":0,"14":0,"15":0,"16":0,"17":0},"f":{"0":0,"1":0,"2":0,"3":0,"4":0,"5":0,"6":0},"b":{"0":[0,0]},"_coverageSchema":"1a1c01bbd47fc00a2c39e90264f33305004495a9","hash":"fccc645936cc03fbea6376771f7c17886fae063b"}
}
