TN:
SF:src\03-examples\MultipleCustomHooks.jsx
FN:4,(anonymous_0)
FN:69,(anonymous_1)
FNF:2
FNH:2
FNDA:3,(anonymous_0)
FNDA:1,(anonymous_1)
DA:4,1
DA:6,3
DA:8,3
DA:23,3
DA:40,3
DA:69,1
LF:6
LH:6
BRDA:23,0,0,3
BRDA:23,0,1,2
BRDA:62,1,0,1
BRDA:62,1,1,2
BRF:4
BRH:4
end_of_record
TN:
SF:src\03-examples\components\LoadingQuote.jsx
FN:3,(anonymous_0)
FNF:1
FNH:1
FNDA:1,(anonymous_0)
DA:3,1
DA:5,1
LF:2
LH:2
BRF:0
BRH:0
end_of_record
TN:
SF:src\03-examples\components\Quote.jsx
FN:4,(anonymous_0)
FN:24,(anonymous_1)
FNF:2
FNH:2
FNDA:4,(anonymous_0)
FNDA:2,(anonymous_1)
DA:4,1
DA:6,4
DA:7,4
DA:24,4
DA:25,2
DA:27,2
DA:31,4
LF:7
LH:7
BRF:0
BRH:0
end_of_record
TN:
SF:src\03-examples\components\index.js
FNF:0
FNH:0
LF:0
LH:0
BRF:0
BRH:0
end_of_record
TN:
SF:src\08-useReducer\ToDoApp.jsx
FN:5,(anonymous_0)
FNF:1
FNH:1
FNDA:1,(anonymous_0)
DA:5,1
DA:7,1
DA:9,1
LF:3
LH:3
BRF:0
BRH:0
end_of_record
TN:
SF:src\08-useReducer\toDoReducer.js
FN:3,(anonymous_0)
FN:36,(anonymous_1)
FN:39,(anonymous_2)
FNF:3
FNH:3
FNDA:4,(anonymous_0)
FNDA:1,(anonymous_1)
FNDA:1,(anonymous_2)
DA:3,3
DA:4,4
DA:18,1
DA:36,1
DA:38,1
DA:39,1
DA:41,1
DA:42,1
DA:48,0
DA:54,0
DA:57,1
LF:11
LH:9
BRDA:4,0,0,1
BRDA:4,0,1,1
BRDA:4,0,2,1
BRDA:4,0,3,0
BRDA:4,0,4,1
BRDA:41,1,0,1
BRDA:41,1,1,0
BRF:7
BRH:5
end_of_record
TN:
SF:src\08-useReducer\components\ToDoAdd.jsx
FN:8,(anonymous_0)
FN:14,(anonymous_1)
FNF:2
FNH:1
FNDA:1,(anonymous_0)
FNDA:0,(anonymous_1)
DA:8,1
DA:10,1
DA:14,1
DA:15,0
DA:17,0
DA:19,0
DA:25,0
DA:27,0
DA:30,1
LF:9
LH:4
BRDA:17,0,0,0
BRDA:17,0,1,0
BRF:2
BRH:0
end_of_record
TN:
SF:src\08-useReducer\components\ToDoItem.jsx
FN:3,(anonymous_0)
FN:11,(anonymous_1)
FN:15,(anonymous_2)
FNF:3
FNH:3
FNDA:6,(anonymous_0)
FNDA:1,(anonymous_1)
FNDA:1,(anonymous_2)
DA:3,2
DA:7,6
DA:11,1
DA:15,1
LF:4
LH:4
BRDA:10,0,0,4
BRDA:10,0,1,2
BRDA:13,1,0,6
BRDA:13,1,1,6
BRF:4
BRH:4
end_of_record
TN:
SF:src\08-useReducer\components\ToDoList.jsx
FN:4,(anonymous_0)
FN:11,(anonymous_1)
FNF:2
FNH:2
FNDA:1,(anonymous_0)
FNDA:2,(anonymous_1)
DA:4,1
DA:8,1
DA:12,2
LF:3
LH:3
BRDA:4,0,0,0
BRF:1
BRH:0
end_of_record
TN:
SF:src\09-useContext\AboutPage.jsx
FN:2,(anonymous_0)
FNF:1
FNH:0
FNDA:0,(anonymous_0)
DA:2,1
DA:3,0
LF:2
LH:1
BRF:0
BRH:0
end_of_record
TN:
SF:src\09-useContext\HomePage.jsx
FN:4,(anonymous_0)
FNF:1
FNH:1
FNDA:3,(anonymous_0)
DA:4,2
DA:6,3
DA:8,3
LF:3
LH:3
BRF:0
BRH:0
end_of_record
TN:
SF:src\09-useContext\LoginPage.jsx
FN:4,(anonymous_0)
FN:20,(anonymous_1)
FNF:2
FNH:2
FNDA:3,(anonymous_0)
FNDA:1,(anonymous_1)
DA:4,2
DA:6,3
DA:8,3
DA:10,3
DA:20,1
LF:5
LH:5
BRF:0
BRH:0
end_of_record
TN:
SF:src\09-useContext\MainApp.jsx
FN:8,(anonymous_0)
FNF:1
FNH:1
FNDA:2,(anonymous_0)
DA:8,1
DA:9,2
LF:2
LH:2
BRF:0
BRH:0
end_of_record
TN:
SF:src\09-useContext\components\Navbar.jsx
FN:3,(anonymous_0)
FN:14,(anonymous_1)
FN:21,(anonymous_2)
FN:27,(anonymous_3)
FNF:4
FNH:4
FNDA:2,(anonymous_0)
FNDA:2,(anonymous_1)
FNDA:2,(anonymous_2)
FNDA:2,(anonymous_3)
DA:3,1
DA:4,2
DA:14,2
DA:21,2
DA:27,2
LF:5
LH:5
BRDA:14,0,0,1
BRDA:14,0,1,1
BRDA:21,1,0,1
BRDA:21,1,1,1
BRDA:27,2,0,0
BRDA:27,2,1,2
BRF:6
BRH:5
end_of_record
TN:
SF:src\09-useContext\context\UserContext.jsx
FNF:0
FNH:0
DA:3,3
LF:1
LH:1
BRF:0
BRH:0
end_of_record
TN:
SF:src\09-useContext\context\UserProvider.jsx
FN:9,(anonymous_0)
FNF:1
FNH:1
FNDA:2,(anonymous_0)
DA:9,1
DA:10,2
LF:2
LH:2
BRF:0
BRH:0
end_of_record
TN:
SF:src\hooks\index.js
FNF:0
FNH:0
LF:0
LH:0
BRF:0
BRH:0
end_of_record
TN:
SF:src\hooks\useCounter.js
FN:18,(anonymous_0)
FN:22,(anonymous_1)
FN:26,(anonymous_2)
FN:29,(anonymous_3)
FN:33,(anonymous_4)
FN:36,(anonymous_5)
FNF:6
FNH:6
FNDA:8,(anonymous_0)
FNDA:2,(anonymous_1)
FNDA:2,(anonymous_2)
FNDA:1,(anonymous_3)
FNDA:1,(anonymous_4)
FNDA:1,(anonymous_5)
DA:18,3
DA:20,8
DA:22,8
DA:26,2
DA:29,8
DA:33,1
DA:36,8
DA:37,1
DA:40,8
LF:9
LH:9
BRDA:18,0,0,1
BRDA:22,1,0,0
BRDA:29,2,0,0
BRF:3
BRH:1
end_of_record
TN:
SF:src\hooks\useFetch.js
FN:4,(anonymous_0)
FN:16,(anonymous_1)
FN:42,(anonymous_2)
FN:46,(anonymous_3)
FNF:4
FNH:0
FNDA:0,(anonymous_0)
FNDA:0,(anonymous_1)
FNDA:0,(anonymous_2)
FNDA:0,(anonymous_3)
DA:4,2
DA:8,0
DA:16,0
DA:18,0
DA:25,0
DA:26,0
DA:33,0
DA:42,0
DA:44,0
DA:46,0
DA:52,0
LF:11
LH:1
BRF:0
BRH:0
end_of_record
TN:
SF:src\hooks\useForm.js
FN:11,(anonymous_0)
FN:19,(anonymous_1)
FN:30,(anonymous_2)
FNF:3
FNH:3
FNDA:6,(anonymous_0)
FNDA:2,(anonymous_1)
FNDA:1,(anonymous_2)
DA:11,3
DA:15,6
DA:19,6
DA:20,2
DA:22,2
DA:30,6
DA:31,1
DA:36,6
LF:8
LH:8
BRDA:11,0,0,0
BRF:1
BRH:0
end_of_record
TN:
SF:src\hooks\useToDo.js
FN:26,(anonymous_0)
FN:30,(anonymous_1)
FN:53,(anonymous_2)
FN:70,(anonymous_3)
FN:86,(anonymous_4)
FN:95,(anonymous_5)
FN:111,(anonymous_6)
FNF:7
FNH:0
FNDA:0,(anonymous_0)
FNDA:0,(anonymous_1)
FNDA:0,(anonymous_2)
FNDA:0,(anonymous_3)
FNDA:0,(anonymous_4)
FNDA:0,(anonymous_5)
FNDA:0,(anonymous_6)
DA:13,2
DA:26,2
DA:27,0
DA:30,2
DA:32,0
DA:53,0
DA:66,0
DA:70,0
DA:76,0
DA:83,0
DA:86,0
DA:87,0
DA:92,0
DA:95,0
DA:96,0
DA:101,0
DA:105,0
DA:111,0
LF:18
LH:3
BRDA:27,0,0,0
BRDA:27,0,1,0
BRF:2
BRH:0
end_of_record
